2026-02-20 10:24:06,079 - ERROR - Model Preload Error: module 'torch.utils._pytree' has no attribute 'register_pytree_node'
Traceback (most recent call last):
  File "D:\Coding\Projects\Antigravity\Jarvis\input\listener.py", line 52, in _preload_model
    from faster_whisper import WhisperModel
  File "C:\Users\HP\AppData\Local\Packages\PythonSoftwareFoundation.Python.3.11_qbz5n2kfra8p0\LocalCache\local-packages\Python311\site-packages\faster_whisper\__init__.py", line 2, in <module>
    from faster_whisper.transcribe import BatchedInferencePipeline, WhisperModel
  File "C:\Users\HP\AppData\Local\Packages\PythonSoftwareFoundation.Python.3.11_qbz5n2kfra8p0\LocalCache\local-packages\Python311\site-packages\faster_whisper\transcribe.py", line 13, in <module>
    import ctranslate2
  File "C:\Users\HP\AppData\Local\Packages\PythonSoftwareFoundation.Python.3.11_qbz5n2kfra8p0\LocalCache\local-packages\Python311\site-packages\ctranslate2\__init__.py", line 58, in <module>
    from ctranslate2 import converters, models, specs
  File "C:\Users\HP\AppData\Local\Packages\PythonSoftwareFoundation.Python.3.11_qbz5n2kfra8p0\LocalCache\local-packages\Python311\site-packages\ctranslate2\converters\__init__.py", line 8, in <module>
    from ctranslate2.converters.transformers import TransformersConverter
  File "C:\Users\HP\AppData\Local\Packages\PythonSoftwareFoundation.Python.3.11_qbz5n2kfra8p0\LocalCache\local-packages\Python311\site-packages\ctranslate2\converters\transformers.py", line 14, in <module>
    import transformers
  File "C:\Users\HP\AppData\Local\Packages\PythonSoftwareFoundation.Python.3.11_qbz5n2kfra8p0\LocalCache\local-packages\Python311\site-packages\transformers\__init__.py", line 27, in <module>
    from . import dependency_versions_check
  File "C:\Users\HP\AppData\Local\Packages\PythonSoftwareFoundation.Python.3.11_qbz5n2kfra8p0\LocalCache\local-packages\Python311\site-packages\transformers\dependency_versions_check.py", line 16, in <module>
    from .utils.versions import require_version, require_version_core
  File "C:\Users\HP\AppData\Local\Packages\PythonSoftwareFoundation.Python.3.11_qbz5n2kfra8p0\LocalCache\local-packages\Python311\site-packages\transformers\utils\__init__.py", line 24, in <module>
    from .auto_docstring import (
  File "C:\Users\HP\AppData\Local\Packages\PythonSoftwareFoundation.Python.3.11_qbz5n2kfra8p0\LocalCache\local-packages\Python311\site-packages\transformers\utils\auto_docstring.py", line 30, in <module>
    from .generic import ModelOutput
  File "C:\Users\HP\AppData\Local\Packages\PythonSoftwareFoundation.Python.3.11_qbz5n2kfra8p0\LocalCache\local-packages\Python311\site-packages\transformers\utils\generic.py", line 465, in <module>
    _torch_pytree.register_pytree_node(
    ^^^^^^^^^^^^^^^^^^^^^^^^^^^^^^^^^^
AttributeError: module 'torch.utils._pytree' has no attribute 'register_pytree_node'
2026-02-20 10:24:06,139 - ERROR - STT Error: module 'torch.utils._pytree' has no attribute 'register_pytree_node'
Traceback (most recent call last):
  File "D:\Coding\Projects\Antigravity\Jarvis\input\listener.py", line 178, in _record_and_transcribe
    from faster_whisper import WhisperModel
  File "C:\Users\HP\AppData\Local\Packages\PythonSoftwareFoundation.Python.3.11_qbz5n2kfra8p0\LocalCache\local-packages\Python311\site-packages\faster_whisper\__init__.py", line 2, in <module>
    from faster_whisper.transcribe import BatchedInferencePipeline, WhisperModel
  File "C:\Users\HP\AppData\Local\Packages\PythonSoftwareFoundation.Python.3.11_qbz5n2kfra8p0\LocalCache\local-packages\Python311\site-packages\faster_whisper\transcribe.py", line 13, in <module>
    import ctranslate2
  File "C:\Users\HP\AppData\Local\Packages\PythonSoftwareFoundation.Python.3.11_qbz5n2kfra8p0\LocalCache\local-packages\Python311\site-packages\ctranslate2\__init__.py", line 58, in <module>
    from ctranslate2 import converters, models, specs
  File "C:\Users\HP\AppData\Local\Packages\PythonSoftwareFoundation.Python.3.11_qbz5n2kfra8p0\LocalCache\local-packages\Python311\site-packages\ctranslate2\converters\__init__.py", line 8, in <module>
    from ctranslate2.converters.transformers import TransformersConverter
  File "C:\Users\HP\AppData\Local\Packages\PythonSoftwareFoundation.Python.3.11_qbz5n2kfra8p0\LocalCache\local-packages\Python311\site-packages\ctranslate2\converters\transformers.py", line 14, in <module>
    import transformers
  File "C:\Users\HP\AppData\Local\Packages\PythonSoftwareFoundation.Python.3.11_qbz5n2kfra8p0\LocalCache\local-packages\Python311\site-packages\transformers\__init__.py", line 27, in <module>
    from . import dependency_versions_check
  File "C:\Users\HP\AppData\Local\Packages\PythonSoftwareFoundation.Python.3.11_qbz5n2kfra8p0\LocalCache\local-packages\Python311\site-packages\transformers\dependency_versions_check.py", line 16, in <module>
    from .utils.versions import require_version, require_version_core
  File "C:\Users\HP\AppData\Local\Packages\PythonSoftwareFoundation.Python.3.11_qbz5n2kfra8p0\LocalCache\local-packages\Python311\site-packages\transformers\utils\__init__.py", line 24, in <module>
    from .auto_docstring import (
  File "C:\Users\HP\AppData\Local\Packages\PythonSoftwareFoundation.Python.3.11_qbz5n2kfra8p0\LocalCache\local-packages\Python311\site-packages\transformers\utils\auto_docstring.py", line 30, in <module>
    from .generic import ModelOutput
  File "C:\Users\HP\AppData\Local\Packages\PythonSoftwareFoundation.Python.3.11_qbz5n2kfra8p0\LocalCache\local-packages\Python311\site-packages\transformers\utils\generic.py", line 465, in <module>
    _torch_pytree.register_pytree_node(
    ^^^^^^^^^^^^^^^^^^^^^^^^^^^^^^^^^^
AttributeError: module 'torch.utils._pytree' has no attribute 'register_pytree_node'
2026-02-20 10:24:40,341 - ERROR - STT Error: module 'torch.utils._pytree' has no attribute 'register_pytree_node'
Traceback (most recent call last):
  File "D:\Coding\Projects\Antigravity\Jarvis\input\listener.py", line 178, in _record_and_transcribe
    from faster_whisper import WhisperModel
  File "C:\Users\HP\AppData\Local\Packages\PythonSoftwareFoundation.Python.3.11_qbz5n2kfra8p0\LocalCache\local-packages\Python311\site-packages\faster_whisper\__init__.py", line 2, in <module>
    from faster_whisper.transcribe import BatchedInferencePipeline, WhisperModel
  File "C:\Users\HP\AppData\Local\Packages\PythonSoftwareFoundation.Python.3.11_qbz5n2kfra8p0\LocalCache\local-packages\Python311\site-packages\faster_whisper\transcribe.py", line 13, in <module>
    import ctranslate2
  File "C:\Users\HP\AppData\Local\Packages\PythonSoftwareFoundation.Python.3.11_qbz5n2kfra8p0\LocalCache\local-packages\Python311\site-packages\ctranslate2\__init__.py", line 58, in <module>
    from ctranslate2 import converters, models, specs
  File "C:\Users\HP\AppData\Local\Packages\PythonSoftwareFoundation.Python.3.11_qbz5n2kfra8p0\LocalCache\local-packages\Python311\site-packages\ctranslate2\converters\__init__.py", line 8, in <module>
    from ctranslate2.converters.transformers import TransformersConverter
  File "C:\Users\HP\AppData\Local\Packages\PythonSoftwareFoundation.Python.3.11_qbz5n2kfra8p0\LocalCache\local-packages\Python311\site-packages\ctranslate2\converters\transformers.py", line 14, in <module>
    import transformers
  File "C:\Users\HP\AppData\Local\Packages\PythonSoftwareFoundation.Python.3.11_qbz5n2kfra8p0\LocalCache\local-packages\Python311\site-packages\transformers\__init__.py", line 27, in <module>
    from . import dependency_versions_check
  File "C:\Users\HP\AppData\Local\Packages\PythonSoftwareFoundation.Python.3.11_qbz5n2kfra8p0\LocalCache\local-packages\Python311\site-packages\transformers\dependency_versions_check.py", line 16, in <module>
    from .utils.versions import require_version, require_version_core
  File "C:\Users\HP\AppData\Local\Packages\PythonSoftwareFoundation.Python.3.11_qbz5n2kfra8p0\LocalCache\local-packages\Python311\site-packages\transformers\utils\__init__.py", line 24, in <module>
    from .auto_docstring import (
  File "C:\Users\HP\AppData\Local\Packages\PythonSoftwareFoundation.Python.3.11_qbz5n2kfra8p0\LocalCache\local-packages\Python311\site-packages\transformers\utils\auto_docstring.py", line 30, in <module>
    from .generic import ModelOutput
  File "C:\Users\HP\AppData\Local\Packages\PythonSoftwareFoundation.Python.3.11_qbz5n2kfra8p0\LocalCache\local-packages\Python311\site-packages\transformers\utils\generic.py", line 465, in <module>
    _torch_pytree.register_pytree_node(
    ^^^^^^^^^^^^^^^^^^^^^^^^^^^^^^^^^^
AttributeError: module 'torch.utils._pytree' has no attribute 'register_pytree_node'
2026-02-20 10:24:42,400 - ERROR - STT Error: module 'torch.utils._pytree' has no attribute 'register_pytree_node'
Traceback (most recent call last):
  File "D:\Coding\Projects\Antigravity\Jarvis\input\listener.py", line 178, in _record_and_transcribe
    from faster_whisper import WhisperModel
  File "C:\Users\HP\AppData\Local\Packages\PythonSoftwareFoundation.Python.3.11_qbz5n2kfra8p0\LocalCache\local-packages\Python311\site-packages\faster_whisper\__init__.py", line 2, in <module>
    from faster_whisper.transcribe import BatchedInferencePipeline, WhisperModel
  File "C:\Users\HP\AppData\Local\Packages\PythonSoftwareFoundation.Python.3.11_qbz5n2kfra8p0\LocalCache\local-packages\Python311\site-packages\faster_whisper\transcribe.py", line 13, in <module>
    import ctranslate2
  File "C:\Users\HP\AppData\Local\Packages\PythonSoftwareFoundation.Python.3.11_qbz5n2kfra8p0\LocalCache\local-packages\Python311\site-packages\ctranslate2\__init__.py", line 58, in <module>
    from ctranslate2 import converters, models, specs
  File "C:\Users\HP\AppData\Local\Packages\PythonSoftwareFoundation.Python.3.11_qbz5n2kfra8p0\LocalCache\local-packages\Python311\site-packages\ctranslate2\converters\__init__.py", line 8, in <module>
    from ctranslate2.converters.transformers import TransformersConverter
  File "C:\Users\HP\AppData\Local\Packages\PythonSoftwareFoundation.Python.3.11_qbz5n2kfra8p0\LocalCache\local-packages\Python311\site-packages\ctranslate2\converters\transformers.py", line 14, in <module>
    import transformers
  File "C:\Users\HP\AppData\Local\Packages\PythonSoftwareFoundation.Python.3.11_qbz5n2kfra8p0\LocalCache\local-packages\Python311\site-packages\transformers\__init__.py", line 27, in <module>
    from . import dependency_versions_check
  File "C:\Users\HP\AppData\Local\Packages\PythonSoftwareFoundation.Python.3.11_qbz5n2kfra8p0\LocalCache\local-packages\Python311\site-packages\transformers\dependency_versions_check.py", line 16, in <module>
    from .utils.versions import require_version, require_version_core
  File "C:\Users\HP\AppData\Local\Packages\PythonSoftwareFoundation.Python.3.11_qbz5n2kfra8p0\LocalCache\local-packages\Python311\site-packages\transformers\utils\__init__.py", line 24, in <module>
    from .auto_docstring import (
  File "C:\Users\HP\AppData\Local\Packages\PythonSoftwareFoundation.Python.3.11_qbz5n2kfra8p0\LocalCache\local-packages\Python311\site-packages\transformers\utils\auto_docstring.py", line 30, in <module>
    from .generic import ModelOutput
  File "C:\Users\HP\AppData\Local\Packages\PythonSoftwareFoundation.Python.3.11_qbz5n2kfra8p0\LocalCache\local-packages\Python311\site-packages\transformers\utils\generic.py", line 465, in <module>
    _torch_pytree.register_pytree_node(
    ^^^^^^^^^^^^^^^^^^^^^^^^^^^^^^^^^^
AttributeError: module 'torch.utils._pytree' has no attribute 'register_pytree_node'
2026-02-20 10:24:44,375 - ERROR - STT Error: module 'torch.utils._pytree' has no attribute 'register_pytree_node'
Traceback (most recent call last):
  File "D:\Coding\Projects\Antigravity\Jarvis\input\listener.py", line 178, in _record_and_transcribe
    from faster_whisper import WhisperModel
  File "C:\Users\HP\AppData\Local\Packages\PythonSoftwareFoundation.Python.3.11_qbz5n2kfra8p0\LocalCache\local-packages\Python311\site-packages\faster_whisper\__init__.py", line 2, in <module>
    from faster_whisper.transcribe import BatchedInferencePipeline, WhisperModel
  File "C:\Users\HP\AppData\Local\Packages\PythonSoftwareFoundation.Python.3.11_qbz5n2kfra8p0\LocalCache\local-packages\Python311\site-packages\faster_whisper\transcribe.py", line 13, in <module>
    import ctranslate2
  File "C:\Users\HP\AppData\Local\Packages\PythonSoftwareFoundation.Python.3.11_qbz5n2kfra8p0\LocalCache\local-packages\Python311\site-packages\ctranslate2\__init__.py", line 58, in <module>
    from ctranslate2 import converters, models, specs
  File "C:\Users\HP\AppData\Local\Packages\PythonSoftwareFoundation.Python.3.11_qbz5n2kfra8p0\LocalCache\local-packages\Python311\site-packages\ctranslate2\converters\__init__.py", line 8, in <module>
    from ctranslate2.converters.transformers import TransformersConverter
  File "C:\Users\HP\AppData\Local\Packages\PythonSoftwareFoundation.Python.3.11_qbz5n2kfra8p0\LocalCache\local-packages\Python311\site-packages\ctranslate2\converters\transformers.py", line 14, in <module>
    import transformers
  File "C:\Users\HP\AppData\Local\Packages\PythonSoftwareFoundation.Python.3.11_qbz5n2kfra8p0\LocalCache\local-packages\Python311\site-packages\transformers\__init__.py", line 27, in <module>
    from . import dependency_versions_check
  File "C:\Users\HP\AppData\Local\Packages\PythonSoftwareFoundation.Python.3.11_qbz5n2kfra8p0\LocalCache\local-packages\Python311\site-packages\transformers\dependency_versions_check.py", line 16, in <module>
    from .utils.versions import require_version, require_version_core
  File "C:\Users\HP\AppData\Local\Packages\PythonSoftwareFoundation.Python.3.11_qbz5n2kfra8p0\LocalCache\local-packages\Python311\site-packages\transformers\utils\__init__.py", line 24, in <module>
    from .auto_docstring import (
  File "C:\Users\HP\AppData\Local\Packages\PythonSoftwareFoundation.Python.3.11_qbz5n2kfra8p0\LocalCache\local-packages\Python311\site-packages\transformers\utils\auto_docstring.py", line 30, in <module>
    from .generic import ModelOutput
  File "C:\Users\HP\AppData\Local\Packages\PythonSoftwareFoundation.Python.3.11_qbz5n2kfra8p0\LocalCache\local-packages\Python311\site-packages\transformers\utils\generic.py", line 465, in <module>
    _torch_pytree.register_pytree_node(
    ^^^^^^^^^^^^^^^^^^^^^^^^^^^^^^^^^^
AttributeError: module 'torch.utils._pytree' has no attribute 'register_pytree_node'
2026-02-20 10:24:46,482 - ERROR - STT Error: module 'torch.utils._pytree' has no attribute 'register_pytree_node'
Traceback (most recent call last):
  File "D:\Coding\Projects\Antigravity\Jarvis\input\listener.py", line 178, in _record_and_transcribe
    from faster_whisper import WhisperModel
  File "C:\Users\HP\AppData\Local\Packages\PythonSoftwareFoundation.Python.3.11_qbz5n2kfra8p0\LocalCache\local-packages\Python311\site-packages\faster_whisper\__init__.py", line 2, in <module>
    from faster_whisper.transcribe import BatchedInferencePipeline, WhisperModel
  File "C:\Users\HP\AppData\Local\Packages\PythonSoftwareFoundation.Python.3.11_qbz5n2kfra8p0\LocalCache\local-packages\Python311\site-packages\faster_whisper\transcribe.py", line 13, in <module>
    import ctranslate2
  File "C:\Users\HP\AppData\Local\Packages\PythonSoftwareFoundation.Python.3.11_qbz5n2kfra8p0\LocalCache\local-packages\Python311\site-packages\ctranslate2\__init__.py", line 58, in <module>
    from ctranslate2 import converters, models, specs
  File "C:\Users\HP\AppData\Local\Packages\PythonSoftwareFoundation.Python.3.11_qbz5n2kfra8p0\LocalCache\local-packages\Python311\site-packages\ctranslate2\converters\__init__.py", line 8, in <module>
    from ctranslate2.converters.transformers import TransformersConverter
  File "C:\Users\HP\AppData\Local\Packages\PythonSoftwareFoundation.Python.3.11_qbz5n2kfra8p0\LocalCache\local-packages\Python311\site-packages\ctranslate2\converters\transformers.py", line 14, in <module>
    import transformers
  File "C:\Users\HP\AppData\Local\Packages\PythonSoftwareFoundation.Python.3.11_qbz5n2kfra8p0\LocalCache\local-packages\Python311\site-packages\transformers\__init__.py", line 27, in <module>
    from . import dependency_versions_check
  File "C:\Users\HP\AppData\Local\Packages\PythonSoftwareFoundation.Python.3.11_qbz5n2kfra8p0\LocalCache\local-packages\Python311\site-packages\transformers\dependency_versions_check.py", line 16, in <module>
    from .utils.versions import require_version, require_version_core
  File "C:\Users\HP\AppData\Local\Packages\PythonSoftwareFoundation.Python.3.11_qbz5n2kfra8p0\LocalCache\local-packages\Python311\site-packages\transformers\utils\__init__.py", line 24, in <module>
    from .auto_docstring import (
  File "C:\Users\HP\AppData\Local\Packages\PythonSoftwareFoundation.Python.3.11_qbz5n2kfra8p0\LocalCache\local-packages\Python311\site-packages\transformers\utils\auto_docstring.py", line 30, in <module>
    from .generic import ModelOutput
  File "C:\Users\HP\AppData\Local\Packages\PythonSoftwareFoundation.Python.3.11_qbz5n2kfra8p0\LocalCache\local-packages\Python311\site-packages\transformers\utils\generic.py", line 465, in <module>
    _torch_pytree.register_pytree_node(
    ^^^^^^^^^^^^^^^^^^^^^^^^^^^^^^^^^^
AttributeError: module 'torch.utils._pytree' has no attribute 'register_pytree_node'
2026-02-20 10:28:23,403 - ERROR - Model Preload Error: module 'torch.utils._pytree' has no attribute 'register_pytree_node'
Traceback (most recent call last):
  File "D:\Coding\Projects\Antigravity\Jarvis\input\listener.py", line 57, in _preload_model
    from faster_whisper import WhisperModel
  File "C:\Users\HP\AppData\Local\Packages\PythonSoftwareFoundation.Python.3.11_qbz5n2kfra8p0\LocalCache\local-packages\Python311\site-packages\faster_whisper\__init__.py", line 2, in <module>
    from faster_whisper.transcribe import BatchedInferencePipeline, WhisperModel
  File "C:\Users\HP\AppData\Local\Packages\PythonSoftwareFoundation.Python.3.11_qbz5n2kfra8p0\LocalCache\local-packages\Python311\site-packages\faster_whisper\transcribe.py", line 13, in <module>
    import ctranslate2
  File "C:\Users\HP\AppData\Local\Packages\PythonSoftwareFoundation.Python.3.11_qbz5n2kfra8p0\LocalCache\local-packages\Python311\site-packages\ctranslate2\__init__.py", line 58, in <module>
    from ctranslate2 import converters, models, specs
  File "C:\Users\HP\AppData\Local\Packages\PythonSoftwareFoundation.Python.3.11_qbz5n2kfra8p0\LocalCache\local-packages\Python311\site-packages\ctranslate2\converters\__init__.py", line 8, in <module>
    from ctranslate2.converters.transformers import TransformersConverter
  File "C:\Users\HP\AppData\Local\Packages\PythonSoftwareFoundation.Python.3.11_qbz5n2kfra8p0\LocalCache\local-packages\Python311\site-packages\ctranslate2\converters\transformers.py", line 14, in <module>
    import transformers
  File "C:\Users\HP\AppData\Local\Packages\PythonSoftwareFoundation.Python.3.11_qbz5n2kfra8p0\LocalCache\local-packages\Python311\site-packages\transformers\__init__.py", line 27, in <module>
    from . import dependency_versions_check
  File "C:\Users\HP\AppData\Local\Packages\PythonSoftwareFoundation.Python.3.11_qbz5n2kfra8p0\LocalCache\local-packages\Python311\site-packages\transformers\dependency_versions_check.py", line 16, in <module>
    from .utils.versions import require_version, require_version_core
  File "C:\Users\HP\AppData\Local\Packages\PythonSoftwareFoundation.Python.3.11_qbz5n2kfra8p0\LocalCache\local-packages\Python311\site-packages\transformers\utils\__init__.py", line 24, in <module>
    from .auto_docstring import (
  File "C:\Users\HP\AppData\Local\Packages\PythonSoftwareFoundation.Python.3.11_qbz5n2kfra8p0\LocalCache\local-packages\Python311\site-packages\transformers\utils\auto_docstring.py", line 30, in <module>
    from .generic import ModelOutput
  File "C:\Users\HP\AppData\Local\Packages\PythonSoftwareFoundation.Python.3.11_qbz5n2kfra8p0\LocalCache\local-packages\Python311\site-packages\transformers\utils\generic.py", line 465, in <module>
    _torch_pytree.register_pytree_node(
    ^^^^^^^^^^^^^^^^^^^^^^^^^^^^^^^^^^
AttributeError: module 'torch.utils._pytree' has no attribute 'register_pytree_node'
2026-02-20 10:28:23,439 - ERROR - STT Error: module 'torch.utils._pytree' has no attribute 'register_pytree_node'
Traceback (most recent call last):
  File "D:\Coding\Projects\Antigravity\Jarvis\input\listener.py", line 163, in _transcribe
    from faster_whisper import WhisperModel
  File "C:\Users\HP\AppData\Local\Packages\PythonSoftwareFoundation.Python.3.11_qbz5n2kfra8p0\LocalCache\local-packages\Python311\site-packages\faster_whisper\__init__.py", line 2, in <module>
    from faster_whisper.transcribe import BatchedInferencePipeline, WhisperModel
  File "C:\Users\HP\AppData\Local\Packages\PythonSoftwareFoundation.Python.3.11_qbz5n2kfra8p0\LocalCache\local-packages\Python311\site-packages\faster_whisper\transcribe.py", line 13, in <module>
    import ctranslate2
  File "C:\Users\HP\AppData\Local\Packages\PythonSoftwareFoundation.Python.3.11_qbz5n2kfra8p0\LocalCache\local-packages\Python311\site-packages\ctranslate2\__init__.py", line 58, in <module>
    from ctranslate2 import converters, models, specs
  File "C:\Users\HP\AppData\Local\Packages\PythonSoftwareFoundation.Python.3.11_qbz5n2kfra8p0\LocalCache\local-packages\Python311\site-packages\ctranslate2\converters\__init__.py", line 8, in <module>
    from ctranslate2.converters.transformers import TransformersConverter
  File "C:\Users\HP\AppData\Local\Packages\PythonSoftwareFoundation.Python.3.11_qbz5n2kfra8p0\LocalCache\local-packages\Python311\site-packages\ctranslate2\converters\transformers.py", line 14, in <module>
    import transformers
  File "C:\Users\HP\AppData\Local\Packages\PythonSoftwareFoundation.Python.3.11_qbz5n2kfra8p0\LocalCache\local-packages\Python311\site-packages\transformers\__init__.py", line 27, in <module>
    from . import dependency_versions_check
  File "C:\Users\HP\AppData\Local\Packages\PythonSoftwareFoundation.Python.3.11_qbz5n2kfra8p0\LocalCache\local-packages\Python311\site-packages\transformers\dependency_versions_check.py", line 16, in <module>
    from .utils.versions import require_version, require_version_core
  File "C:\Users\HP\AppData\Local\Packages\PythonSoftwareFoundation.Python.3.11_qbz5n2kfra8p0\LocalCache\local-packages\Python311\site-packages\transformers\utils\__init__.py", line 24, in <module>
    from .auto_docstring import (
  File "C:\Users\HP\AppData\Local\Packages\PythonSoftwareFoundation.Python.3.11_qbz5n2kfra8p0\LocalCache\local-packages\Python311\site-packages\transformers\utils\auto_docstring.py", line 30, in <module>
    from .generic import ModelOutput
  File "C:\Users\HP\AppData\Local\Packages\PythonSoftwareFoundation.Python.3.11_qbz5n2kfra8p0\LocalCache\local-packages\Python311\site-packages\transformers\utils\generic.py", line 465, in <module>
    _torch_pytree.register_pytree_node(
    ^^^^^^^^^^^^^^^^^^^^^^^^^^^^^^^^^^
AttributeError: module 'torch.utils._pytree' has no attribute 'register_pytree_node'
2026-02-20 10:28:32,870 - ERROR - STT Error: module 'torch.utils._pytree' has no attribute 'register_pytree_node'
Traceback (most recent call last):
  File "D:\Coding\Projects\Antigravity\Jarvis\input\listener.py", line 163, in _transcribe
    from faster_whisper import WhisperModel
  File "C:\Users\HP\AppData\Local\Packages\PythonSoftwareFoundation.Python.3.11_qbz5n2kfra8p0\LocalCache\local-packages\Python311\site-packages\faster_whisper\__init__.py", line 2, in <module>
    from faster_whisper.transcribe import BatchedInferencePipeline, WhisperModel
  File "C:\Users\HP\AppData\Local\Packages\PythonSoftwareFoundation.Python.3.11_qbz5n2kfra8p0\LocalCache\local-packages\Python311\site-packages\faster_whisper\transcribe.py", line 13, in <module>
    import ctranslate2
  File "C:\Users\HP\AppData\Local\Packages\PythonSoftwareFoundation.Python.3.11_qbz5n2kfra8p0\LocalCache\local-packages\Python311\site-packages\ctranslate2\__init__.py", line 58, in <module>
    from ctranslate2 import converters, models, specs
  File "C:\Users\HP\AppData\Local\Packages\PythonSoftwareFoundation.Python.3.11_qbz5n2kfra8p0\LocalCache\local-packages\Python311\site-packages\ctranslate2\converters\__init__.py", line 8, in <module>
    from ctranslate2.converters.transformers import TransformersConverter
  File "C:\Users\HP\AppData\Local\Packages\PythonSoftwareFoundation.Python.3.11_qbz5n2kfra8p0\LocalCache\local-packages\Python311\site-packages\ctranslate2\converters\transformers.py", line 14, in <module>
    import transformers
  File "C:\Users\HP\AppData\Local\Packages\PythonSoftwareFoundation.Python.3.11_qbz5n2kfra8p0\LocalCache\local-packages\Python311\site-packages\transformers\__init__.py", line 27, in <module>
    from . import dependency_versions_check
  File "C:\Users\HP\AppData\Local\Packages\PythonSoftwareFoundation.Python.3.11_qbz5n2kfra8p0\LocalCache\local-packages\Python311\site-packages\transformers\dependency_versions_check.py", line 16, in <module>
    from .utils.versions import require_version, require_version_core
  File "C:\Users\HP\AppData\Local\Packages\PythonSoftwareFoundation.Python.3.11_qbz5n2kfra8p0\LocalCache\local-packages\Python311\site-packages\transformers\utils\__init__.py", line 24, in <module>
    from .auto_docstring import (
  File "C:\Users\HP\AppData\Local\Packages\PythonSoftwareFoundation.Python.3.11_qbz5n2kfra8p0\LocalCache\local-packages\Python311\site-packages\transformers\utils\auto_docstring.py", line 30, in <module>
    from .generic import ModelOutput
  File "C:\Users\HP\AppData\Local\Packages\PythonSoftwareFoundation.Python.3.11_qbz5n2kfra8p0\LocalCache\local-packages\Python311\site-packages\transformers\utils\generic.py", line 465, in <module>
    _torch_pytree.register_pytree_node(
    ^^^^^^^^^^^^^^^^^^^^^^^^^^^^^^^^^^
AttributeError: module 'torch.utils._pytree' has no attribute 'register_pytree_node'
2026-02-20 10:28:38,392 - ERROR - STT Error: module 'torch.utils._pytree' has no attribute 'register_pytree_node'
Traceback (most recent call last):
  File "D:\Coding\Projects\Antigravity\Jarvis\input\listener.py", line 163, in _transcribe
    from faster_whisper import WhisperModel
  File "C:\Users\HP\AppData\Local\Packages\PythonSoftwareFoundation.Python.3.11_qbz5n2kfra8p0\LocalCache\local-packages\Python311\site-packages\faster_whisper\__init__.py", line 2, in <module>
    from faster_whisper.transcribe import BatchedInferencePipeline, WhisperModel
  File "C:\Users\HP\AppData\Local\Packages\PythonSoftwareFoundation.Python.3.11_qbz5n2kfra8p0\LocalCache\local-packages\Python311\site-packages\faster_whisper\transcribe.py", line 13, in <module>
    import ctranslate2
  File "C:\Users\HP\AppData\Local\Packages\PythonSoftwareFoundation.Python.3.11_qbz5n2kfra8p0\LocalCache\local-packages\Python311\site-packages\ctranslate2\__init__.py", line 58, in <module>
    from ctranslate2 import converters, models, specs
  File "C:\Users\HP\AppData\Local\Packages\PythonSoftwareFoundation.Python.3.11_qbz5n2kfra8p0\LocalCache\local-packages\Python311\site-packages\ctranslate2\converters\__init__.py", line 8, in <module>
    from ctranslate2.converters.transformers import TransformersConverter
  File "C:\Users\HP\AppData\Local\Packages\PythonSoftwareFoundation.Python.3.11_qbz5n2kfra8p0\LocalCache\local-packages\Python311\site-packages\ctranslate2\converters\transformers.py", line 14, in <module>
    import transformers
  File "C:\Users\HP\AppData\Local\Packages\PythonSoftwareFoundation.Python.3.11_qbz5n2kfra8p0\LocalCache\local-packages\Python311\site-packages\transformers\__init__.py", line 27, in <module>
    from . import dependency_versions_check
  File "C:\Users\HP\AppData\Local\Packages\PythonSoftwareFoundation.Python.3.11_qbz5n2kfra8p0\LocalCache\local-packages\Python311\site-packages\transformers\dependency_versions_check.py", line 16, in <module>
    from .utils.versions import require_version, require_version_core
  File "C:\Users\HP\AppData\Local\Packages\PythonSoftwareFoundation.Python.3.11_qbz5n2kfra8p0\LocalCache\local-packages\Python311\site-packages\transformers\utils\__init__.py", line 24, in <module>
    from .auto_docstring import (
  File "C:\Users\HP\AppData\Local\Packages\PythonSoftwareFoundation.Python.3.11_qbz5n2kfra8p0\LocalCache\local-packages\Python311\site-packages\transformers\utils\auto_docstring.py", line 30, in <module>
    from .generic import ModelOutput
  File "C:\Users\HP\AppData\Local\Packages\PythonSoftwareFoundation.Python.3.11_qbz5n2kfra8p0\LocalCache\local-packages\Python311\site-packages\transformers\utils\generic.py", line 465, in <module>
    _torch_pytree.register_pytree_node(
    ^^^^^^^^^^^^^^^^^^^^^^^^^^^^^^^^^^
AttributeError: module 'torch.utils._pytree' has no attribute 'register_pytree_node'
2026-02-20 10:28:48,636 - ERROR - STT Error: module 'torch.utils._pytree' has no attribute 'register_pytree_node'
Traceback (most recent call last):
  File "D:\Coding\Projects\Antigravity\Jarvis\input\listener.py", line 163, in _transcribe
    from faster_whisper import WhisperModel
  File "C:\Users\HP\AppData\Local\Packages\PythonSoftwareFoundation.Python.3.11_qbz5n2kfra8p0\LocalCache\local-packages\Python311\site-packages\faster_whisper\__init__.py", line 2, in <module>
    from faster_whisper.transcribe import BatchedInferencePipeline, WhisperModel
  File "C:\Users\HP\AppData\Local\Packages\PythonSoftwareFoundation.Python.3.11_qbz5n2kfra8p0\LocalCache\local-packages\Python311\site-packages\faster_whisper\transcribe.py", line 13, in <module>
    import ctranslate2
  File "C:\Users\HP\AppData\Local\Packages\PythonSoftwareFoundation.Python.3.11_qbz5n2kfra8p0\LocalCache\local-packages\Python311\site-packages\ctranslate2\__init__.py", line 58, in <module>
    from ctranslate2 import converters, models, specs
  File "C:\Users\HP\AppData\Local\Packages\PythonSoftwareFoundation.Python.3.11_qbz5n2kfra8p0\LocalCache\local-packages\Python311\site-packages\ctranslate2\converters\__init__.py", line 8, in <module>
    from ctranslate2.converters.transformers import TransformersConverter
  File "C:\Users\HP\AppData\Local\Packages\PythonSoftwareFoundation.Python.3.11_qbz5n2kfra8p0\LocalCache\local-packages\Python311\site-packages\ctranslate2\converters\transformers.py", line 14, in <module>
    import transformers
  File "C:\Users\HP\AppData\Local\Packages\PythonSoftwareFoundation.Python.3.11_qbz5n2kfra8p0\LocalCache\local-packages\Python311\site-packages\transformers\__init__.py", line 27, in <module>
    from . import dependency_versions_check
  File "C:\Users\HP\AppData\Local\Packages\PythonSoftwareFoundation.Python.3.11_qbz5n2kfra8p0\LocalCache\local-packages\Python311\site-packages\transformers\dependency_versions_check.py", line 16, in <module>
    from .utils.versions import require_version, require_version_core
  File "C:\Users\HP\AppData\Local\Packages\PythonSoftwareFoundation.Python.3.11_qbz5n2kfra8p0\LocalCache\local-packages\Python311\site-packages\transformers\utils\__init__.py", line 24, in <module>
    from .auto_docstring import (
  File "C:\Users\HP\AppData\Local\Packages\PythonSoftwareFoundation.Python.3.11_qbz5n2kfra8p0\LocalCache\local-packages\Python311\site-packages\transformers\utils\auto_docstring.py", line 30, in <module>
    from .generic import ModelOutput
  File "C:\Users\HP\AppData\Local\Packages\PythonSoftwareFoundation.Python.3.11_qbz5n2kfra8p0\LocalCache\local-packages\Python311\site-packages\transformers\utils\generic.py", line 465, in <module>
    _torch_pytree.register_pytree_node(
    ^^^^^^^^^^^^^^^^^^^^^^^^^^^^^^^^^^
AttributeError: module 'torch.utils._pytree' has no attribute 'register_pytree_node'
2026-02-20 10:28:51,176 - ERROR - STT Error: module 'torch.utils._pytree' has no attribute 'register_pytree_node'
Traceback (most recent call last):
  File "D:\Coding\Projects\Antigravity\Jarvis\input\listener.py", line 163, in _transcribe
    from faster_whisper import WhisperModel
  File "C:\Users\HP\AppData\Local\Packages\PythonSoftwareFoundation.Python.3.11_qbz5n2kfra8p0\LocalCache\local-packages\Python311\site-packages\faster_whisper\__init__.py", line 2, in <module>
    from faster_whisper.transcribe import BatchedInferencePipeline, WhisperModel
  File "C:\Users\HP\AppData\Local\Packages\PythonSoftwareFoundation.Python.3.11_qbz5n2kfra8p0\LocalCache\local-packages\Python311\site-packages\faster_whisper\transcribe.py", line 13, in <module>
    import ctranslate2
  File "C:\Users\HP\AppData\Local\Packages\PythonSoftwareFoundation.Python.3.11_qbz5n2kfra8p0\LocalCache\local-packages\Python311\site-packages\ctranslate2\__init__.py", line 58, in <module>
    from ctranslate2 import converters, models, specs
  File "C:\Users\HP\AppData\Local\Packages\PythonSoftwareFoundation.Python.3.11_qbz5n2kfra8p0\LocalCache\local-packages\Python311\site-packages\ctranslate2\converters\__init__.py", line 8, in <module>
    from ctranslate2.converters.transformers import TransformersConverter
  File "C:\Users\HP\AppData\Local\Packages\PythonSoftwareFoundation.Python.3.11_qbz5n2kfra8p0\LocalCache\local-packages\Python311\site-packages\ctranslate2\converters\transformers.py", line 14, in <module>
    import transformers
  File "C:\Users\HP\AppData\Local\Packages\PythonSoftwareFoundation.Python.3.11_qbz5n2kfra8p0\LocalCache\local-packages\Python311\site-packages\transformers\__init__.py", line 27, in <module>
    from . import dependency_versions_check
  File "C:\Users\HP\AppData\Local\Packages\PythonSoftwareFoundation.Python.3.11_qbz5n2kfra8p0\LocalCache\local-packages\Python311\site-packages\transformers\dependency_versions_check.py", line 16, in <module>
    from .utils.versions import require_version, require_version_core
  File "C:\Users\HP\AppData\Local\Packages\PythonSoftwareFoundation.Python.3.11_qbz5n2kfra8p0\LocalCache\local-packages\Python311\site-packages\transformers\utils\__init__.py", line 24, in <module>
    from .auto_docstring import (
  File "C:\Users\HP\AppData\Local\Packages\PythonSoftwareFoundation.Python.3.11_qbz5n2kfra8p0\LocalCache\local-packages\Python311\site-packages\transformers\utils\auto_docstring.py", line 30, in <module>
    from .generic import ModelOutput
  File "C:\Users\HP\AppData\Local\Packages\PythonSoftwareFoundation.Python.3.11_qbz5n2kfra8p0\LocalCache\local-packages\Python311\site-packages\transformers\utils\generic.py", line 465, in <module>
    _torch_pytree.register_pytree_node(
    ^^^^^^^^^^^^^^^^^^^^^^^^^^^^^^^^^^
AttributeError: module 'torch.utils._pytree' has no attribute 'register_pytree_node'
2026-02-20 10:30:59,840 - ERROR - Model Preload Error: module 'torch.utils._pytree' has no attribute 'register_pytree_node'
Traceback (most recent call last):
  File "D:\Coding\Projects\Antigravity\Jarvis\input\listener.py", line 57, in _preload_model
    from faster_whisper import WhisperModel
  File "C:\Users\HP\AppData\Local\Packages\PythonSoftwareFoundation.Python.3.11_qbz5n2kfra8p0\LocalCache\local-packages\Python311\site-packages\faster_whisper\__init__.py", line 2, in <module>
    from faster_whisper.transcribe import BatchedInferencePipeline, WhisperModel
  File "C:\Users\HP\AppData\Local\Packages\PythonSoftwareFoundation.Python.3.11_qbz5n2kfra8p0\LocalCache\local-packages\Python311\site-packages\faster_whisper\transcribe.py", line 13, in <module>
    import ctranslate2
  File "C:\Users\HP\AppData\Local\Packages\PythonSoftwareFoundation.Python.3.11_qbz5n2kfra8p0\LocalCache\local-packages\Python311\site-packages\ctranslate2\__init__.py", line 58, in <module>
    from ctranslate2 import converters, models, specs
  File "C:\Users\HP\AppData\Local\Packages\PythonSoftwareFoundation.Python.3.11_qbz5n2kfra8p0\LocalCache\local-packages\Python311\site-packages\ctranslate2\converters\__init__.py", line 8, in <module>
    from ctranslate2.converters.transformers import TransformersConverter
  File "C:\Users\HP\AppData\Local\Packages\PythonSoftwareFoundation.Python.3.11_qbz5n2kfra8p0\LocalCache\local-packages\Python311\site-packages\ctranslate2\converters\transformers.py", line 14, in <module>
    import transformers
  File "C:\Users\HP\AppData\Local\Packages\PythonSoftwareFoundation.Python.3.11_qbz5n2kfra8p0\LocalCache\local-packages\Python311\site-packages\transformers\__init__.py", line 27, in <module>
    from . import dependency_versions_check
  File "C:\Users\HP\AppData\Local\Packages\PythonSoftwareFoundation.Python.3.11_qbz5n2kfra8p0\LocalCache\local-packages\Python311\site-packages\transformers\dependency_versions_check.py", line 16, in <module>
    from .utils.versions import require_version, require_version_core
  File "C:\Users\HP\AppData\Local\Packages\PythonSoftwareFoundation.Python.3.11_qbz5n2kfra8p0\LocalCache\local-packages\Python311\site-packages\transformers\utils\__init__.py", line 24, in <module>
    from .auto_docstring import (
  File "C:\Users\HP\AppData\Local\Packages\PythonSoftwareFoundation.Python.3.11_qbz5n2kfra8p0\LocalCache\local-packages\Python311\site-packages\transformers\utils\auto_docstring.py", line 30, in <module>
    from .generic import ModelOutput
  File "C:\Users\HP\AppData\Local\Packages\PythonSoftwareFoundation.Python.3.11_qbz5n2kfra8p0\LocalCache\local-packages\Python311\site-packages\transformers\utils\generic.py", line 465, in <module>
    _torch_pytree.register_pytree_node(
    ^^^^^^^^^^^^^^^^^^^^^^^^^^^^^^^^^^
AttributeError: module 'torch.utils._pytree' has no attribute 'register_pytree_node'
2026-02-20 10:30:59,875 - ERROR - STT Error: module 'torch.utils._pytree' has no attribute 'register_pytree_node'
Traceback (most recent call last):
  File "D:\Coding\Projects\Antigravity\Jarvis\input\listener.py", line 171, in _transcribe
    from faster_whisper import WhisperModel
  File "C:\Users\HP\AppData\Local\Packages\PythonSoftwareFoundation.Python.3.11_qbz5n2kfra8p0\LocalCache\local-packages\Python311\site-packages\faster_whisper\__init__.py", line 2, in <module>
    from faster_whisper.transcribe import BatchedInferencePipeline, WhisperModel
  File "C:\Users\HP\AppData\Local\Packages\PythonSoftwareFoundation.Python.3.11_qbz5n2kfra8p0\LocalCache\local-packages\Python311\site-packages\faster_whisper\transcribe.py", line 13, in <module>
    import ctranslate2
  File "C:\Users\HP\AppData\Local\Packages\PythonSoftwareFoundation.Python.3.11_qbz5n2kfra8p0\LocalCache\local-packages\Python311\site-packages\ctranslate2\__init__.py", line 58, in <module>
    from ctranslate2 import converters, models, specs
  File "C:\Users\HP\AppData\Local\Packages\PythonSoftwareFoundation.Python.3.11_qbz5n2kfra8p0\LocalCache\local-packages\Python311\site-packages\ctranslate2\converters\__init__.py", line 8, in <module>
    from ctranslate2.converters.transformers import TransformersConverter
  File "C:\Users\HP\AppData\Local\Packages\PythonSoftwareFoundation.Python.3.11_qbz5n2kfra8p0\LocalCache\local-packages\Python311\site-packages\ctranslate2\converters\transformers.py", line 14, in <module>
    import transformers
  File "C:\Users\HP\AppData\Local\Packages\PythonSoftwareFoundation.Python.3.11_qbz5n2kfra8p0\LocalCache\local-packages\Python311\site-packages\transformers\__init__.py", line 27, in <module>
    from . import dependency_versions_check
  File "C:\Users\HP\AppData\Local\Packages\PythonSoftwareFoundation.Python.3.11_qbz5n2kfra8p0\LocalCache\local-packages\Python311\site-packages\transformers\dependency_versions_check.py", line 16, in <module>
    from .utils.versions import require_version, require_version_core
  File "C:\Users\HP\AppData\Local\Packages\PythonSoftwareFoundation.Python.3.11_qbz5n2kfra8p0\LocalCache\local-packages\Python311\site-packages\transformers\utils\__init__.py", line 24, in <module>
    from .auto_docstring import (
  File "C:\Users\HP\AppData\Local\Packages\PythonSoftwareFoundation.Python.3.11_qbz5n2kfra8p0\LocalCache\local-packages\Python311\site-packages\transformers\utils\auto_docstring.py", line 30, in <module>
    from .generic import ModelOutput
  File "C:\Users\HP\AppData\Local\Packages\PythonSoftwareFoundation.Python.3.11_qbz5n2kfra8p0\LocalCache\local-packages\Python311\site-packages\transformers\utils\generic.py", line 465, in <module>
    _torch_pytree.register_pytree_node(
    ^^^^^^^^^^^^^^^^^^^^^^^^^^^^^^^^^^
AttributeError: module 'torch.utils._pytree' has no attribute 'register_pytree_node'
2026-02-20 10:31:06,299 - ERROR - STT Error: module 'torch.utils._pytree' has no attribute 'register_pytree_node'
Traceback (most recent call last):
  File "D:\Coding\Projects\Antigravity\Jarvis\input\listener.py", line 171, in _transcribe
    from faster_whisper import WhisperModel
  File "C:\Users\HP\AppData\Local\Packages\PythonSoftwareFoundation.Python.3.11_qbz5n2kfra8p0\LocalCache\local-packages\Python311\site-packages\faster_whisper\__init__.py", line 2, in <module>
    from faster_whisper.transcribe import BatchedInferencePipeline, WhisperModel
  File "C:\Users\HP\AppData\Local\Packages\PythonSoftwareFoundation.Python.3.11_qbz5n2kfra8p0\LocalCache\local-packages\Python311\site-packages\faster_whisper\transcribe.py", line 13, in <module>
    import ctranslate2
  File "C:\Users\HP\AppData\Local\Packages\PythonSoftwareFoundation.Python.3.11_qbz5n2kfra8p0\LocalCache\local-packages\Python311\site-packages\ctranslate2\__init__.py", line 58, in <module>
    from ctranslate2 import converters, models, specs
  File "C:\Users\HP\AppData\Local\Packages\PythonSoftwareFoundation.Python.3.11_qbz5n2kfra8p0\LocalCache\local-packages\Python311\site-packages\ctranslate2\converters\__init__.py", line 8, in <module>
    from ctranslate2.converters.transformers import TransformersConverter
  File "C:\Users\HP\AppData\Local\Packages\PythonSoftwareFoundation.Python.3.11_qbz5n2kfra8p0\LocalCache\local-packages\Python311\site-packages\ctranslate2\converters\transformers.py", line 14, in <module>
    import transformers
  File "C:\Users\HP\AppData\Local\Packages\PythonSoftwareFoundation.Python.3.11_qbz5n2kfra8p0\LocalCache\local-packages\Python311\site-packages\transformers\__init__.py", line 27, in <module>
    from . import dependency_versions_check
  File "C:\Users\HP\AppData\Local\Packages\PythonSoftwareFoundation.Python.3.11_qbz5n2kfra8p0\LocalCache\local-packages\Python311\site-packages\transformers\dependency_versions_check.py", line 16, in <module>
    from .utils.versions import require_version, require_version_core
  File "C:\Users\HP\AppData\Local\Packages\PythonSoftwareFoundation.Python.3.11_qbz5n2kfra8p0\LocalCache\local-packages\Python311\site-packages\transformers\utils\__init__.py", line 24, in <module>
    from .auto_docstring import (
  File "C:\Users\HP\AppData\Local\Packages\PythonSoftwareFoundation.Python.3.11_qbz5n2kfra8p0\LocalCache\local-packages\Python311\site-packages\transformers\utils\auto_docstring.py", line 30, in <module>
    from .generic import ModelOutput
  File "C:\Users\HP\AppData\Local\Packages\PythonSoftwareFoundation.Python.3.11_qbz5n2kfra8p0\LocalCache\local-packages\Python311\site-packages\transformers\utils\generic.py", line 465, in <module>
    _torch_pytree.register_pytree_node(
    ^^^^^^^^^^^^^^^^^^^^^^^^^^^^^^^^^^
AttributeError: module 'torch.utils._pytree' has no attribute 'register_pytree_node'
2026-02-20 10:31:21,926 - ERROR - STT Error: module 'torch.utils._pytree' has no attribute 'register_pytree_node'
Traceback (most recent call last):
  File "D:\Coding\Projects\Antigravity\Jarvis\input\listener.py", line 171, in _transcribe
    from faster_whisper import WhisperModel
  File "C:\Users\HP\AppData\Local\Packages\PythonSoftwareFoundation.Python.3.11_qbz5n2kfra8p0\LocalCache\local-packages\Python311\site-packages\faster_whisper\__init__.py", line 2, in <module>
    from faster_whisper.transcribe import BatchedInferencePipeline, WhisperModel
  File "C:\Users\HP\AppData\Local\Packages\PythonSoftwareFoundation.Python.3.11_qbz5n2kfra8p0\LocalCache\local-packages\Python311\site-packages\faster_whisper\transcribe.py", line 13, in <module>
    import ctranslate2
  File "C:\Users\HP\AppData\Local\Packages\PythonSoftwareFoundation.Python.3.11_qbz5n2kfra8p0\LocalCache\local-packages\Python311\site-packages\ctranslate2\__init__.py", line 58, in <module>
    from ctranslate2 import converters, models, specs
  File "C:\Users\HP\AppData\Local\Packages\PythonSoftwareFoundation.Python.3.11_qbz5n2kfra8p0\LocalCache\local-packages\Python311\site-packages\ctranslate2\converters\__init__.py", line 8, in <module>
    from ctranslate2.converters.transformers import TransformersConverter
  File "C:\Users\HP\AppData\Local\Packages\PythonSoftwareFoundation.Python.3.11_qbz5n2kfra8p0\LocalCache\local-packages\Python311\site-packages\ctranslate2\converters\transformers.py", line 14, in <module>
    import transformers
  File "C:\Users\HP\AppData\Local\Packages\PythonSoftwareFoundation.Python.3.11_qbz5n2kfra8p0\LocalCache\local-packages\Python311\site-packages\transformers\__init__.py", line 27, in <module>
    from . import dependency_versions_check
  File "C:\Users\HP\AppData\Local\Packages\PythonSoftwareFoundation.Python.3.11_qbz5n2kfra8p0\LocalCache\local-packages\Python311\site-packages\transformers\dependency_versions_check.py", line 16, in <module>
    from .utils.versions import require_version, require_version_core
  File "C:\Users\HP\AppData\Local\Packages\PythonSoftwareFoundation.Python.3.11_qbz5n2kfra8p0\LocalCache\local-packages\Python311\site-packages\transformers\utils\__init__.py", line 24, in <module>
    from .auto_docstring import (
  File "C:\Users\HP\AppData\Local\Packages\PythonSoftwareFoundation.Python.3.11_qbz5n2kfra8p0\LocalCache\local-packages\Python311\site-packages\transformers\utils\auto_docstring.py", line 30, in <module>
    from .generic import ModelOutput
  File "C:\Users\HP\AppData\Local\Packages\PythonSoftwareFoundation.Python.3.11_qbz5n2kfra8p0\LocalCache\local-packages\Python311\site-packages\transformers\utils\generic.py", line 465, in <module>
    _torch_pytree.register_pytree_node(
    ^^^^^^^^^^^^^^^^^^^^^^^^^^^^^^^^^^
AttributeError: module 'torch.utils._pytree' has no attribute 'register_pytree_node'
2026-02-20 10:31:24,218 - ERROR - STT Error: module 'torch.utils._pytree' has no attribute 'register_pytree_node'
Traceback (most recent call last):
  File "D:\Coding\Projects\Antigravity\Jarvis\input\listener.py", line 171, in _transcribe
    from faster_whisper import WhisperModel
  File "C:\Users\HP\AppData\Local\Packages\PythonSoftwareFoundation.Python.3.11_qbz5n2kfra8p0\LocalCache\local-packages\Python311\site-packages\faster_whisper\__init__.py", line 2, in <module>
    from faster_whisper.transcribe import BatchedInferencePipeline, WhisperModel
  File "C:\Users\HP\AppData\Local\Packages\PythonSoftwareFoundation.Python.3.11_qbz5n2kfra8p0\LocalCache\local-packages\Python311\site-packages\faster_whisper\transcribe.py", line 13, in <module>
    import ctranslate2
  File "C:\Users\HP\AppData\Local\Packages\PythonSoftwareFoundation.Python.3.11_qbz5n2kfra8p0\LocalCache\local-packages\Python311\site-packages\ctranslate2\__init__.py", line 58, in <module>
    from ctranslate2 import converters, models, specs
  File "C:\Users\HP\AppData\Local\Packages\PythonSoftwareFoundation.Python.3.11_qbz5n2kfra8p0\LocalCache\local-packages\Python311\site-packages\ctranslate2\converters\__init__.py", line 8, in <module>
    from ctranslate2.converters.transformers import TransformersConverter
  File "C:\Users\HP\AppData\Local\Packages\PythonSoftwareFoundation.Python.3.11_qbz5n2kfra8p0\LocalCache\local-packages\Python311\site-packages\ctranslate2\converters\transformers.py", line 14, in <module>
    import transformers
  File "C:\Users\HP\AppData\Local\Packages\PythonSoftwareFoundation.Python.3.11_qbz5n2kfra8p0\LocalCache\local-packages\Python311\site-packages\transformers\__init__.py", line 27, in <module>
    from . import dependency_versions_check
  File "C:\Users\HP\AppData\Local\Packages\PythonSoftwareFoundation.Python.3.11_qbz5n2kfra8p0\LocalCache\local-packages\Python311\site-packages\transformers\dependency_versions_check.py", line 16, in <module>
    from .utils.versions import require_version, require_version_core
  File "C:\Users\HP\AppData\Local\Packages\PythonSoftwareFoundation.Python.3.11_qbz5n2kfra8p0\LocalCache\local-packages\Python311\site-packages\transformers\utils\__init__.py", line 24, in <module>
    from .auto_docstring import (
  File "C:\Users\HP\AppData\Local\Packages\PythonSoftwareFoundation.Python.3.11_qbz5n2kfra8p0\LocalCache\local-packages\Python311\site-packages\transformers\utils\auto_docstring.py", line 30, in <module>
    from .generic import ModelOutput
  File "C:\Users\HP\AppData\Local\Packages\PythonSoftwareFoundation.Python.3.11_qbz5n2kfra8p0\LocalCache\local-packages\Python311\site-packages\transformers\utils\generic.py", line 465, in <module>
    _torch_pytree.register_pytree_node(
    ^^^^^^^^^^^^^^^^^^^^^^^^^^^^^^^^^^
AttributeError: module 'torch.utils._pytree' has no attribute 'register_pytree_node'
